2026-07-19 22:29 — Cron intake scan
====================================

HEAD: ecdee54 feat: add at-risk learner dashboard with attendance, grade, and discipline flags

State: Clean working tree. 279 tests (272 pass, 7 fail, 18 legacy warnings).

Completed since last scan:
  [x] At-risk learner dashboard with attendance, grade, and discipline flags — latest commit
  [x] School-wide announcements feature (priority, scope, expiry, admin CRUD, noticeboard) — bc2e192
  [x] MDB query layer fixes (WHERE clause, LEFT JOIN, IN params, string regex, LRU cache) — 5d5404e
  [x] Sync service batch upsert + schema inference + transactional full refresh — 6287259
  [x] Kismet SMS theme applied — 12f130d

Still failing (7 tests, unchanged):
  1. test_chat_routes_exist — chat API routes never implemented (ChatThread model exists, no endpoints)
  2. test_chat_thread_lifecycle_smoke — POST /api/chat/threads returns 404
  3. test_translate_quotes_unbracketed_ems_tables — calls deleted MDBConnection._translate_access_to_postgres
  4. test_translate_top_limit_with_quoted_tables — same
  5. test_translate_quotes_qualified_mixed_case_columns — same
  6. test_teacher_routes_exist — expects /teacher/classes; only /teacher and /teacher/announcements exist
  7. test_teacher_api_smoke_authenticated — teacher API endpoints return 404

Legacy API warnings (still present):
  - 27 .query.get() calls remain (inventory_routes.py:21, app.py:3, admin_routes.py:3)
  - Previous cron attempts to replace these were incomplete — actual count never reached 0

Notable:
  - SchoolApp_todo.txt was deleted from master (not tracked). Will re-track from this run.
  - Previous cron branches (13 total) accumulated stashes with merge conflicts; findings were never persisted to master.
  - The PG compat translation tests are stale — they test a private method that was removed when MDBConnection was refactored to use MDBRepository directly. Either delete/update tests or reimplement the method.
  - ChatThread model exists at app.py:588 but no chat API routes anywhere in the codebase.
  - Teacher portal has only announcements routes — dashboard, classes, roster, attendance, discipline, assessments, report export are all missing from master.
